2021/09/27 16:37:59 [notice] 1#1: using the "epoll" event method
2021/09/27 16:37:59 [notice] 1#1: nginx/1.21.3
2021/09/27 16:37:59 [notice] 1#1: built by gcc 10.3.1 20210424 (Alpine 10.3.1_git20210424) 
2021/09/27 16:37:59 [notice] 1#1: OS: Linux 5.11.0-36-generic
2021/09/27 16:37:59 [notice] 1#1: getrlimit(RLIMIT_NOFILE): 1048576:1048576
2021/09/27 16:37:59 [notice] 1#1: start worker processes
2021/09/27 16:37:59 [notice] 1#1: start worker process 23
2021/09/27 16:37:59 [notice] 1#1: start worker process 24
2021/09/27 16:37:59 [notice] 1#1: start worker process 25
2021/09/27 16:37:59 [notice] 1#1: start worker process 26
2021/09/27 16:37:59 [notice] 1#1: start worker process 27
2021/09/27 16:37:59 [notice] 1#1: start worker process 28
2021/09/27 16:37:59 [notice] 1#1: start worker process 29
2021/09/27 16:37:59 [notice] 1#1: start worker process 30
2021/09/27 16:37:59 [notice] 1#1: start worker process 31
2021/09/27 16:37:59 [notice] 1#1: start worker process 32
2021/09/27 16:37:59 [notice] 1#1: start worker process 33
2021/09/27 16:37:59 [notice] 1#1: start worker process 34
2021/09/27 16:37:59 [notice] 1#1: start worker process 35
2021/09/27 16:37:59 [notice] 1#1: start worker process 36
2021/09/27 16:37:59 [notice] 1#1: start worker process 37
2021/09/27 16:37:59 [notice] 1#1: start worker process 38
2021/09/27 16:47:16 [notice] 1#1: signal 3 (SIGQUIT) received, shutting down
2021/09/27 16:47:16 [notice] 27#27: gracefully shutting down
2021/09/27 16:47:16 [notice] 26#26: gracefully shutting down
2021/09/27 16:47:16 [notice] 25#25: gracefully shutting down
2021/09/27 16:47:16 [notice] 28#28: gracefully shutting down
2021/09/27 16:47:16 [notice] 29#29: gracefully shutting down
2021/09/27 16:47:16 [notice] 24#24: gracefully shutting down
2021/09/27 16:47:16 [notice] 30#30: gracefully shutting down
2021/09/27 16:47:16 [notice] 27#27: exiting
2021/09/27 16:47:16 [notice] 31#31: gracefully shutting down
2021/09/27 16:47:16 [notice] 26#26: exiting
2021/09/27 16:47:16 [notice] 35#35: gracefully shutting down
2021/09/27 16:47:16 [notice] 34#34: gracefully shutting down
2021/09/27 16:47:16 [notice] 25#25: exiting
2021/09/27 16:47:16 [notice] 28#28: exiting
2021/09/27 16:47:16 [notice] 37#37: gracefully shutting down
2021/09/27 16:47:16 [notice] 38#38: gracefully shutting down
2021/09/27 16:47:16 [notice] 29#29: exiting
2021/09/27 16:47:16 [notice] 24#24: exiting
2021/09/27 16:47:16 [notice] 33#33: gracefully shutting down
2021/09/27 16:47:16 [notice] 30#30: exiting
2021/09/27 16:47:16 [notice] 31#31: exiting
2021/09/27 16:47:16 [notice] 35#35: exiting
2021/09/27 16:47:16 [notice] 34#34: exiting
2021/09/27 16:47:16 [notice] 37#37: exiting
2021/09/27 16:47:16 [notice] 38#38: exiting
2021/09/27 16:47:16 [notice] 33#33: exiting
2021/09/27 16:47:16 [notice] 27#27: exit
2021/09/27 16:47:16 [notice] 28#28: exit
2021/09/27 16:47:16 [notice] 25#25: exit
2021/09/27 16:47:16 [notice] 24#24: exit
2021/09/27 16:47:16 [notice] 26#26: exit
2021/09/27 16:47:16 [notice] 38#38: exit
2021/09/27 16:47:16 [notice] 30#30: exit
2021/09/27 16:47:16 [notice] 37#37: exit
2021/09/27 16:47:16 [notice] 23#23: gracefully shutting down
2021/09/27 16:47:16 [notice] 35#35: exit
2021/09/27 16:47:16 [notice] 31#31: exit
2021/09/27 16:47:16 [notice] 29#29: exit
2021/09/27 16:47:16 [notice] 34#34: exit
2021/09/27 16:47:16 [notice] 23#23: exiting
2021/09/27 16:47:16 [notice] 23#23: exit
2021/09/27 16:47:16 [notice] 32#32: gracefully shutting down
2021/09/27 16:47:16 [notice] 32#32: exiting
2021/09/27 16:47:16 [notice] 36#36: gracefully shutting down
2021/09/27 16:47:16 [notice] 36#36: exiting
2021/09/27 16:47:16 [notice] 32#32: exit
2021/09/27 16:47:16 [notice] 33#33: exit
2021/09/27 16:47:16 [notice] 36#36: exit
2021/09/27 16:47:16 [notice] 1#1: signal 17 (SIGCHLD) received from 35
2021/09/27 16:47:16 [notice] 1#1: worker process 35 exited with code 0
2021/09/27 16:47:16 [notice] 1#1: signal 29 (SIGIO) received
2021/09/27 16:47:16 [notice] 1#1: signal 17 (SIGCHLD) received from 27
2021/09/27 16:47:16 [notice] 1#1: worker process 26 exited with code 0
2021/09/27 16:47:16 [notice] 1#1: worker process 27 exited with code 0
2021/09/27 16:47:16 [notice] 1#1: signal 29 (SIGIO) received
2021/09/27 16:47:16 [notice] 1#1: signal 17 (SIGCHLD) received from 26
2021/09/27 16:47:16 [notice] 1#1: signal 17 (SIGCHLD) received from 34
2021/09/27 16:47:16 [notice] 1#1: worker process 34 exited with code 0
2021/09/27 16:47:16 [notice] 1#1: worker process 24 exited with code 0
2021/09/27 16:47:16 [notice] 1#1: worker process 25 exited with code 0
2021/09/27 16:47:16 [notice] 1#1: worker process 28 exited with code 0
2021/09/27 16:47:16 [notice] 1#1: worker process 37 exited with code 0
2021/09/27 16:47:16 [notice] 1#1: signal 29 (SIGIO) received
2021/09/27 16:47:16 [notice] 1#1: signal 17 (SIGCHLD) received from 37
2021/09/27 16:47:16 [notice] 1#1: worker process 23 exited with code 0
2021/09/27 16:47:16 [notice] 1#1: worker process 38 exited with code 0
2021/09/27 16:47:16 [notice] 1#1: signal 29 (SIGIO) received
2021/09/27 16:47:16 [notice] 1#1: signal 17 (SIGCHLD) received from 31
2021/09/27 16:47:16 [notice] 1#1: worker process 31 exited with code 0
2021/09/27 16:47:16 [notice] 1#1: worker process 32 exited with code 0
2021/09/27 16:47:16 [notice] 1#1: worker process 33 exited with code 0
2021/09/27 16:47:16 [notice] 1#1: signal 29 (SIGIO) received
2021/09/27 16:47:16 [notice] 1#1: signal 17 (SIGCHLD) received from 32
2021/09/27 16:47:16 [notice] 1#1: signal 17 (SIGCHLD) received from 30
2021/09/27 16:47:16 [notice] 1#1: worker process 30 exited with code 0
2021/09/27 16:47:16 [notice] 1#1: signal 29 (SIGIO) received
2021/09/27 16:47:16 [notice] 1#1: signal 17 (SIGCHLD) received from 29
2021/09/27 16:47:16 [notice] 1#1: worker process 29 exited with code 0
2021/09/27 16:47:16 [notice] 1#1: signal 29 (SIGIO) received
2021/09/27 16:47:16 [notice] 1#1: signal 17 (SIGCHLD) received from 36
2021/09/27 16:47:16 [notice] 1#1: worker process 36 exited with code 0
2021/09/27 16:47:16 [notice] 1#1: exit
2021/09/28 00:08:30 [notice] 1#1: using the "epoll" event method
2021/09/28 00:08:30 [notice] 1#1: nginx/1.21.3
2021/09/28 00:08:30 [notice] 1#1: built by gcc 10.3.1 20210424 (Alpine 10.3.1_git20210424) 
2021/09/28 00:08:30 [notice] 1#1: OS: Linux 5.11.0-36-generic
2021/09/28 00:08:30 [notice] 1#1: getrlimit(RLIMIT_NOFILE): 1048576:1048576
2021/09/28 00:08:30 [notice] 1#1: start worker processes
2021/09/28 00:08:30 [notice] 1#1: start worker process 23
2021/09/28 00:08:30 [notice] 1#1: start worker process 24
2021/09/28 00:08:30 [notice] 1#1: start worker process 25
2021/09/28 00:08:30 [notice] 1#1: start worker process 26
2021/09/28 00:08:30 [notice] 1#1: start worker process 27
2021/09/28 00:08:30 [notice] 1#1: start worker process 28
2021/09/28 00:08:30 [notice] 1#1: start worker process 29
2021/09/28 00:08:30 [notice] 1#1: start worker process 30
2021/09/28 00:08:30 [notice] 1#1: start worker process 31
2021/09/28 00:08:30 [notice] 1#1: start worker process 32
2021/09/28 00:08:30 [notice] 1#1: start worker process 33
2021/09/28 00:08:30 [notice] 1#1: start worker process 34
2021/09/28 00:08:30 [notice] 1#1: start worker process 35
2021/09/28 00:08:30 [notice] 1#1: start worker process 36
2021/09/28 00:08:30 [notice] 1#1: start worker process 37
2021/09/28 00:08:30 [notice] 1#1: start worker process 38
2021/10/04 17:03:59 [notice] 1#1: using the "epoll" event method
2021/10/04 17:03:59 [notice] 1#1: nginx/1.21.3
2021/10/04 17:03:59 [notice] 1#1: built by gcc 10.3.1 20210424 (Alpine 10.3.1_git20210424) 
2021/10/04 17:03:59 [notice] 1#1: OS: Linux 5.11.0-36-generic
2021/10/04 17:03:59 [notice] 1#1: getrlimit(RLIMIT_NOFILE): 1048576:1048576
2021/10/04 17:03:59 [notice] 1#1: start worker processes
2021/10/04 17:03:59 [notice] 1#1: start worker process 23
2021/10/04 17:03:59 [notice] 1#1: start worker process 24
2021/10/04 17:03:59 [notice] 1#1: start worker process 25
2021/10/04 17:03:59 [notice] 1#1: start worker process 26
2021/10/04 17:03:59 [notice] 1#1: start worker process 27
2021/10/04 17:03:59 [notice] 1#1: start worker process 28
2021/10/04 17:03:59 [notice] 1#1: start worker process 29
2021/10/04 17:03:59 [notice] 1#1: start worker process 30
2021/10/04 17:03:59 [notice] 1#1: start worker process 31
2021/10/04 17:03:59 [notice] 1#1: start worker process 32
2021/10/04 17:03:59 [notice] 1#1: start worker process 33
2021/10/04 17:03:59 [notice] 1#1: start worker process 34
2021/10/04 17:03:59 [notice] 1#1: start worker process 35
2021/10/04 17:03:59 [notice] 1#1: start worker process 36
2021/10/04 17:03:59 [notice] 1#1: start worker process 37
2021/10/04 17:03:59 [notice] 1#1: start worker process 38
2021/10/05 02:11:57 [notice] 1#1: using the "epoll" event method
2021/10/05 02:11:57 [notice] 1#1: nginx/1.21.3
2021/10/05 02:11:57 [notice] 1#1: built by gcc 10.3.1 20210424 (Alpine 10.3.1_git20210424) 
2021/10/05 02:11:57 [notice] 1#1: OS: Linux 5.11.0-36-generic
2021/10/05 02:11:57 [notice] 1#1: getrlimit(RLIMIT_NOFILE): 1048576:1048576
2021/10/05 02:11:57 [notice] 1#1: start worker processes
2021/10/05 02:11:57 [notice] 1#1: start worker process 22
2021/10/05 02:11:57 [notice] 1#1: start worker process 23
2021/10/05 02:11:57 [notice] 1#1: start worker process 24
2021/10/05 02:11:57 [notice] 1#1: start worker process 25
2021/10/05 02:11:57 [notice] 1#1: start worker process 26
2021/10/05 02:11:57 [notice] 1#1: start worker process 27
2021/10/05 02:11:57 [notice] 1#1: start worker process 28
2021/10/05 02:11:57 [notice] 1#1: start worker process 29
2021/10/05 02:11:57 [notice] 1#1: start worker process 30
2021/10/05 02:11:57 [notice] 1#1: start worker process 31
2021/10/05 02:11:57 [notice] 1#1: start worker process 32
2021/10/05 02:11:57 [notice] 1#1: start worker process 33
2021/10/05 02:11:57 [notice] 1#1: start worker process 34
2021/10/05 02:11:57 [notice] 1#1: start worker process 35
2021/10/05 02:11:57 [notice] 1#1: start worker process 36
2021/10/05 02:11:57 [notice] 1#1: start worker process 37
2021/10/05 02:20:40 [notice] 1#1: signal 3 (SIGQUIT) received, shutting down
2021/10/05 02:20:40 [notice] 23#23: gracefully shutting down
2021/10/05 02:20:40 [notice] 24#24: gracefully shutting down
2021/10/05 02:20:40 [notice] 22#22: gracefully shutting down
2021/10/05 02:20:40 [notice] 26#26: gracefully shutting down
2021/10/05 02:20:40 [notice] 25#25: gracefully shutting down
2021/10/05 02:20:40 [notice] 29#29: gracefully shutting down
2021/10/05 02:20:40 [notice] 23#23: exiting
2021/10/05 02:20:40 [notice] 30#30: gracefully shutting down
2021/10/05 02:20:40 [notice] 24#24: exiting
2021/10/05 02:20:40 [notice] 26#26: exiting
2021/10/05 02:20:40 [notice] 22#22: exiting
2021/10/05 02:20:40 [notice] 34#34: gracefully shutting down
2021/10/05 02:20:40 [notice] 33#33: gracefully shutting down
2021/10/05 02:20:40 [notice] 25#25: exiting
2021/10/05 02:20:40 [notice] 29#29: exiting
2021/10/05 02:20:40 [notice] 30#30: exiting
2021/10/05 02:20:40 [notice] 34#34: exiting
2021/10/05 02:20:40 [notice] 33#33: exiting
2021/10/05 02:20:40 [notice] 23#23: exit
2021/10/05 02:20:40 [notice] 26#26: exit
2021/10/05 02:20:40 [notice] 24#24: exit
2021/10/05 02:20:40 [notice] 22#22: exit
2021/10/05 02:20:40 [notice] 29#29: exit
2021/10/05 02:20:40 [notice] 30#30: exit
2021/10/05 02:20:40 [notice] 33#33: exit
2021/10/05 02:20:40 [notice] 25#25: exit
2021/10/05 02:20:40 [notice] 34#34: exit
2021/10/05 02:20:40 [notice] 37#37: gracefully shutting down
2021/10/05 02:20:40 [notice] 31#31: gracefully shutting down
2021/10/05 02:20:40 [notice] 37#37: exiting
2021/10/05 02:20:40 [notice] 31#31: exiting
2021/10/05 02:20:40 [notice] 36#36: gracefully shutting down
2021/10/05 02:20:40 [notice] 36#36: exiting
2021/10/05 02:20:40 [notice] 27#27: gracefully shutting down
2021/10/05 02:20:40 [notice] 37#37: exit
2021/10/05 02:20:40 [notice] 27#27: exiting
2021/10/05 02:20:40 [notice] 31#31: exit
2021/10/05 02:20:40 [notice] 36#36: exit
2021/10/05 02:20:40 [notice] 27#27: exit
2021/10/05 02:20:40 [notice] 28#28: gracefully shutting down
2021/10/05 02:20:40 [notice] 28#28: exiting
2021/10/05 02:20:40 [notice] 28#28: exit
2021/10/05 02:20:40 [notice] 32#32: gracefully shutting down
2021/10/05 02:20:40 [notice] 32#32: exiting
2021/10/05 02:20:40 [notice] 32#32: exit
2021/10/05 02:20:40 [notice] 35#35: gracefully shutting down
2021/10/05 02:20:40 [notice] 35#35: exiting
2021/10/05 02:20:40 [notice] 35#35: exit
2021/10/05 02:20:40 [notice] 1#1: signal 17 (SIGCHLD) received from 30
2021/10/05 02:20:40 [notice] 1#1: worker process 30 exited with code 0
2021/10/05 02:20:40 [notice] 1#1: signal 29 (SIGIO) received
2021/10/05 02:20:40 [notice] 1#1: signal 17 (SIGCHLD) received from 34
2021/10/05 02:20:40 [notice] 1#1: worker process 34 exited with code 0
2021/10/05 02:20:40 [notice] 1#1: signal 29 (SIGIO) received
2021/10/05 02:20:40 [notice] 1#1: signal 17 (SIGCHLD) received from 28
2021/10/05 02:20:40 [notice] 1#1: worker process 28 exited with code 0
2021/10/05 02:20:40 [notice] 1#1: signal 29 (SIGIO) received
2021/10/05 02:20:40 [notice] 1#1: signal 17 (SIGCHLD) received from 33
2021/10/05 02:20:40 [notice] 1#1: worker process 33 exited with code 0
2021/10/05 02:20:40 [notice] 1#1: signal 29 (SIGIO) received
2021/10/05 02:20:40 [notice] 1#1: signal 17 (SIGCHLD) received from 25
2021/10/05 02:20:40 [notice] 1#1: worker process 25 exited with code 0
2021/10/05 02:20:40 [notice] 1#1: signal 29 (SIGIO) received
2021/10/05 02:20:40 [notice] 1#1: signal 17 (SIGCHLD) received from 29
2021/10/05 02:20:40 [notice] 1#1: worker process 29 exited with code 0
2021/10/05 02:20:40 [notice] 1#1: signal 29 (SIGIO) received
2021/10/05 02:20:40 [notice] 1#1: signal 17 (SIGCHLD) received from 24
2021/10/05 02:20:40 [notice] 1#1: worker process 24 exited with code 0
2021/10/05 02:20:40 [notice] 1#1: signal 29 (SIGIO) received
2021/10/05 02:20:40 [notice] 1#1: signal 17 (SIGCHLD) received from 23
2021/10/05 02:20:40 [notice] 1#1: worker process 23 exited with code 0
2021/10/05 02:20:40 [notice] 1#1: worker process 27 exited with code 0
2021/10/05 02:20:40 [notice] 1#1: signal 29 (SIGIO) received
2021/10/05 02:20:40 [notice] 1#1: signal 17 (SIGCHLD) received from 27
2021/10/05 02:20:40 [notice] 1#1: worker process 26 exited with code 0
2021/10/05 02:20:40 [notice] 1#1: signal 29 (SIGIO) received
2021/10/05 02:20:40 [notice] 1#1: signal 17 (SIGCHLD) received from 36
2021/10/05 02:20:40 [notice] 1#1: worker process 32 exited with code 0
2021/10/05 02:20:40 [notice] 1#1: worker process 36 exited with code 0
2021/10/05 02:20:40 [notice] 1#1: worker process 37 exited with code 0
2021/10/05 02:20:40 [notice] 1#1: signal 29 (SIGIO) received
2021/10/05 02:20:40 [notice] 1#1: signal 17 (SIGCHLD) received from 32
2021/10/05 02:20:40 [notice] 1#1: worker process 22 exited with code 0
2021/10/05 02:20:40 [notice] 1#1: signal 29 (SIGIO) received
2021/10/05 02:20:40 [notice] 1#1: signal 17 (SIGCHLD) received from 22
2021/10/05 02:20:40 [notice] 1#1: signal 17 (SIGCHLD) received from 31
2021/10/05 02:20:40 [notice] 1#1: worker process 31 exited with code 0
2021/10/05 02:20:40 [notice] 1#1: signal 29 (SIGIO) received
2021/10/05 02:20:40 [notice] 1#1: signal 17 (SIGCHLD) received from 35
2021/10/05 02:20:40 [notice] 1#1: worker process 35 exited with code 0
2021/10/05 02:20:40 [notice] 1#1: exit
